<?xml version="1.0" encoding="UTF-8"?>
<testsuite xmlns:xsi="http://www.w3.org/2001/XMLSchema-instance" xsi:noNamespaceSchemaLocation="https://maven.apache.org/surefire/maven-surefire-plugin/xsd/surefire-test-report-3.0.xsd" version="3.0" name="com.javatechie.KafkaSchemaRegistryApplicationTests" time="3.145" tests="1" errors="0" skipped="0" failures="0">
  <properties>
[...]
</properties>
  <testcase name="contextLoads" classname="com.javatechie.KafkaSchemaRegistryApplicationTests" time="0.871">
    <system-out><![CDATA[17:44:48.170 [main] INFO org.springframework.test.context.support.AnnotationConfigContextLoaderUtils -- Could not detect default configuration classes for test class [com.javatechie.KafkaSchemaRegistryApplicationTests]: KafkaSchemaRegistryApplicationTests does not declare any static, non-private, non-final, nested classes annotated with @Configuration.
17:44:48.274 [main] INFO org.springframework.boot.test.context.SpringBootTestContextBootstrapper -- Found @SpringBootConfiguration com.javatechie.KafkaSchemaRegistryApplication for test class com.javatechie.KafkaSchemaRegistryApplicationTests

  .   ____          _            __ _ _
 /\\ / ___'_ __ _ _(_)_ __  __ _ \ \ \ \
( ( )\___ | '_ | '_| | '_ \/ _` | \ \ \ \
 \\/  ___)| |_)| | | | | || (_| |  ) ) ) )
  '  |____| .__|_| |_|_| |_\__, | / / / /
 =========|_|==============|___/=/_/_/_/
 :: Spring Boot ::                (v3.2.1)

2024-11-12T17:44:48.821+01:00  INFO 11278 --- [           main] c.j.KafkaSchemaRegistryApplicationTests  : Starting KafkaSchemaRegistryApplicationTests using Java 17.0.6 with PID 11278 (started by othmane in /home/othmane/Documents/Projet Inwi Kafka K8s/Gateway/gateway-voc-sch-reg)
2024-11-12T17:44:48.824+01:00  INFO 11278 --- [           main] c.j.KafkaSchemaRegistryApplicationTests  : No active profile set, falling back to 1 default profile: "default"
2024-11-12T17:44:50.317+01:00  INFO 11278 --- [           main] c.j.KafkaSchemaRegistryApplicationTests  : Started KafkaSchemaRegistryApplicationTests in 1.864 seconds (process running for 2.906)
]]></system-out>
  </testcase>
</testsuite>